<?xml version="1.0" encoding="UTF-8"?>
<testng-results skipped="0" failed="0" total="1" passed="1">
  <reporter-output>
  </reporter-output>
  <suite name="Default suite" duration-ms="40360" started-at="2021-08-30T04:08:49Z" finished-at="2021-08-30T04:09:29Z">
    <groups>
      <group name="Sanity">
        <method signature="IPhonesSearch.searchIphone()[pri:0, instance:Flipkart.IPhonesSearch@482f8f11]" name="searchIphone" class="Flipkart.IPhonesSearch"/>
      </group> <!-- Sanity -->
    </groups>
    <test name="Default test" duration-ms="40360" started-at="2021-08-30T04:08:49Z" finished-at="2021-08-30T04:09:29Z">
      <class name="Flipkart.IPhonesSearch">
        <test-method status="PASS" signature="launchTheBrowser()[pri:0, instance:Flipkart.IPhonesSearch@482f8f11]" name="launchTheBrowser" is-config="true" duration-ms="12789" started-at="2021-08-30T09:38:49Z" finished-at="2021-08-30T09:39:02Z">
          <reporter-output>
          </reporter-output>
        </test-method> <!-- launchTheBrowser -->
        <test-method status="PASS" signature="searchIphone()[pri:0, instance:Flipkart.IPhonesSearch@482f8f11]" name="searchIphone" duration-ms="26984" started-at="2021-08-30T09:39:02Z" finished-at="2021-08-30T09:39:29Z">
          <reporter-output>
          </reporter-output>
        </test-method> <!-- searchIphone -->
        <test-method status="PASS" signature="closeTheBrowser()[pri:0, instance:Flipkart.IPhonesSearch@482f8f11]" name="closeTheBrowser" is-config="true" duration-ms="562" started-at="2021-08-30T09:39:29Z" finished-at="2021-08-30T09:39:29Z">
          <reporter-output>
          </reporter-output>
        </test-method> <!-- closeTheBrowser -->
      </class> <!-- Flipkart.IPhonesSearch -->
    </test> <!-- Default test -->
  </suite> <!-- Default suite -->
</testng-results>
